d:\solidstatefile\cproject1\2020.07.06\tcpclientui\debug\tcpclientui.pch
d:\solidstatefile\cproject1\2020.07.06\tcpclientui\debug\vc142.pdb
d:\solidstatefile\cproject1\2020.07.06\tcpclientui\debug\vc142.idb
d:\solidstatefile\cproject1\2020.07.06\tcpclientui\debug\pch.obj
d:\solidstatefile\cproject1\2020.07.06\tcpclientui\debug\tcpclientuidlg.obj
d:\solidstatefile\cproject1\2020.07.06\tcpclientui\debug\tcpclientui.obj
d:\solidstatefile\cproject1\2020.07.06\bin\tcpclientui.ilk
d:\solidstatefile\cproject1\2020.07.06\bin\tcpclientui.exe
d:\solidstatefile\cproject1\2020.07.06\bin\tcpclientui.pdb
d:\solidstatefile\cproject1\2020.07.06\tcpclientui\debug\tcpclientui.res
d:\solidstatefile\cproject1\2020.07.06\tcpclientui\..\bin\tcpclientui.exe
d:\solidstatefile\cproject1\2020.07.06\tcpclientui\debug\tcpclientui.tlog\cl.command.1.tlog
d:\solidstatefile\cproject1\2020.07.06\tcpclientui\debug\tcpclientui.tlog\cl.read.1.tlog
d:\solidstatefile\cproject1\2020.07.06\tcpclientui\debug\tcpclientui.tlog\cl.write.1.tlog
d:\solidstatefile\cproject1\2020.07.06\tcpclientui\debug\tcpclientui.tlog\link.command.1.tlog
d:\solidstatefile\cproject1\2020.07.06\tcpclientui\debug\tcpclientui.tlog\link.read.1.tlog
d:\solidstatefile\cproject1\2020.07.06\tcpclientui\debug\tcpclientui.tlog\link.write.1.tlog
d:\solidstatefile\cproject1\2020.07.06\tcpclientui\debug\tcpclientui.tlog\rc.command.1.tlog
d:\solidstatefile\cproject1\2020.07.06\tcpclientui\debug\tcpclientui.tlog\rc.read.1.tlog
d:\solidstatefile\cproject1\2020.07.06\tcpclientui\debug\tcpclientui.tlog\rc.write.1.tlog
